<?xml version="1.0" encoding="UTF-8"?>
<!-- Generated by org.testng.reporters.JUnitReportReporter -->
<testsuite hostname="LIN65004263" failures="0" tests="1" name="Test.Demo" time="0.007" errors="0" timestamp="2023-02-07T11:46:19 IST" skipped="0">
  <testcase classname="Test.Demo" name="Day1" time="0.007"/>
  <system-out/>
</testsuite> <!-- Test.Demo -->
