<?xml version="1.0" encoding="UTF-8"?>
<!-- Generated by org.testng.reporters.JUnitReportReporter -->
<testsuite hostname="LIN65004263" failures="0" tests="3" name="Test.ExcelDataProvides" time="0.005" errors="0" timestamp="2023-02-15T18:56:31 IST" skipped="0">
  <testcase classname="Test.ExcelDataProvides" name="testCaseData" time="0.004"/>
  <system-out/>
  <testcase classname="Test.ExcelDataProvides" name="testCaseData" time="0.000"/>
  <system-out/>
  <testcase classname="Test.ExcelDataProvides" name="testCaseData" time="0.001"/>
  <system-out/>
</testsuite> <!-- Test.ExcelDataProvides -->
