<?xml version="1.0" encoding="UTF-8"?>
<!-- Generated by org.testng.reporters.JUnitReportReporter -->
<testsuite hostname="LIN65004263" failures="0" tests="3" name="Test.day4" time="0.006" errors="0" timestamp="2023-02-10T18:04:22 IST" skipped="0">
  <testcase classname="Test.day4" name="day4is1" time="0.004"/>
  <system-out/>
  <testcase classname="Test.day4" name="day4is3" time="0.001"/>
  <system-out/>
  <testcase classname="Test.day4" name="day4is2" time="0.001"/>
  <system-out/>
</testsuite> <!-- Test.day4 -->
